<?xml version="1.0" encoding="UTF-8"?>
<!-- Generated by org.testng.reporters.JUnitXMLReporter -->
<testsuite ignored="0" hostname="l" failures="1" tests="2" name="CasosLoginReto5" time="309.045" errors="0" timestamp="2026-03-04T19:57:59 PST">
  <testcase classname="tests.IniciarSesion_CredencialesCorrectas" name="iniciarSesionCredencialesCorrectas" time="256.726">
    <failure type="java.lang.AssertionError" message="Se esperaba un indicador visible de inicio de sesion exitoso. expected [true] but found [false]">
      <![CDATA[java.lang.AssertionError: Se esperaba un indicador visible de inicio de sesion exitoso. expected [true] but found [false]
at tests.IniciarSesion_CredencialesCorrectas.iniciarSesionCredencialesCorrectas(IniciarSesion_CredencialesCorrectas.java:65)
at java.base/java.util.ArrayList.forEach(ArrayList.java:1596)
... Removed 32 stack frames]]>
    </failure>
  </testcase> <!-- iniciarSesionCredencialesCorrectas -->
  <testcase classname="tests.IniciarSesion_CorreoIncorrecto" name="iniciarSesionCorreoIncorrecto" time="23.408"/>
</testsuite> <!-- CasosLoginReto5 -->
