<?xml version="1.0" encoding="UTF-8"?>
<testng-results ignored="0" total="2" passed="1" failed="1" skipped="0">
  <reporter-output>
  </reporter-output>
  <suite started-at="2026-03-04T19:52:50 PST" name="InicioDeSesion" finished-at="2026-03-04T19:57:59 PST" duration-ms="309045">
    <groups>
    </groups>
    <test started-at="2026-03-04T19:52:50 PST" name="CasosLoginReto5" finished-at="2026-03-04T19:57:59 PST" duration-ms="309045">
      <class name="tests.IniciarSesion_CredencialesCorrectas">
        <test-method is-config="true" signature="setup(java.lang.String,java.lang.String,java.lang.String,java.lang.String,java.lang.String,java.lang.String,java.lang.String,java.lang.String)[pri:0, instance:tests.IniciarSesion_CredencialesCorrectas@2c767a52]" started-at="2026-03-04T19:53:02 PST" name="setup" finished-at="2026-03-04T19:53:17 PST" duration-ms="14970" status="PASS">
          <params>
            <param index="0">
              <value>
                <![CDATA[firefox]]>
              </value>
            </param>
            <param index="1">
              <value>
                <![CDATA[true]]>
              </value>
            </param>
            <param index="2">
              <value>
                <![CDATA[https://practice.automationtesting.in/my-account/]]>
              </value>
            </param>
            <param index="3">
              <value>
                <![CDATA[]]>
              </value>
            </param>
            <param index="4">
              <value>
                <![CDATA[]]>
              </value>
            </param>
            <param index="5">
              <value>
                <![CDATA[correo_incorrecto@example.com]]>
              </value>
            </param>
            <param index="6">
              <value>
                <![CDATA[password_incorrecto]]>
              </value>
            </param>
            <param index="7">
              <value>
                <![CDATA[true]]>
              </value>
            </param>
          </params>
          <reporter-output>
          </reporter-output>
        </test-method> <!-- setup -->
        <test-method signature="iniciarSesionCredencialesCorrectas()[pri:0, instance:tests.IniciarSesion_CredencialesCorrectas@2c767a52]" started-at="2026-03-04T19:53:17 PST" name="iniciarSesionCredencialesCorrectas" description="Iniciar sesion con credenciales correctas" finished-at="2026-03-04T19:57:33 PST" duration-ms="256726" status="FAIL">
          <exception class="java.lang.AssertionError">
            <message>
              <![CDATA[Se esperaba un indicador visible de inicio de sesion exitoso. expected [true] but found [false]]]>
            </message>
            <full-stacktrace>
              <![CDATA[java.lang.AssertionError: Se esperaba un indicador visible de inicio de sesion exitoso. expected [true] but found [false]
at org.testng.Assert.fail(Assert.java:111)
at org.testng.Assert.failNotEquals(Assert.java:1590)
at org.testng.Assert.assertTrue(Assert.java:57)
at tests.IniciarSesion_CredencialesCorrectas.iniciarSesionCredencialesCorrectas(IniciarSesion_CredencialesCorrectas.java:65)
at java.base/jdk.internal.reflect.DirectMethodHandleAccessor.invoke(DirectMethodHandleAccessor.java:103)
at java.base/java.lang.reflect.Method.invoke(Method.java:580)
at org.testng.internal.invokers.MethodInvocationHelper.invokeMethod(MethodInvocationHelper.java:141)
at org.testng.internal.invokers.TestInvoker.invokeMethod(TestInvoker.java:687)
at org.testng.internal.invokers.TestInvoker.invokeTestMethod(TestInvoker.java:230)
at org.testng.internal.invokers.MethodRunner.runInSequence(MethodRunner.java:63)
at org.testng.internal.invokers.TestInvoker$MethodInvocationAgent.invoke(TestInvoker.java:995)
at org.testng.internal.invokers.TestInvoker.invokeTestMethods(TestInvoker.java:203)
at org.testng.internal.invokers.TestMethodWorker.invokeTestMethods(TestMethodWorker.java:154)
at org.testng.internal.invokers.TestMethodWorker.run(TestMethodWorker.java:134)
at java.base/java.util.ArrayList.forEach(ArrayList.java:1596)
at org.testng.TestRunner.privateRun(TestRunner.java:741)
at org.testng.TestRunner.run(TestRunner.java:616)
at org.testng.SuiteRunner.runTest(SuiteRunner.java:421)
at org.testng.SuiteRunner.runSequentially(SuiteRunner.java:413)
at org.testng.SuiteRunner.privateRun(SuiteRunner.java:373)
at org.testng.SuiteRunner.run(SuiteRunner.java:312)
at org.testng.SuiteRunnerWorker.runSuite(SuiteRunnerWorker.java:52)
at org.testng.SuiteRunnerWorker.run(SuiteRunnerWorker.java:95)
at org.testng.TestNG.runSuitesSequentially(TestNG.java:1274)
at org.testng.TestNG.runSuitesLocally(TestNG.java:1208)
at org.testng.TestNG.runSuites(TestNG.java:1112)
at org.testng.TestNG.run(TestNG.java:1079)
at org.apache.maven.surefire.testng.TestNGExecutor.run(TestNGExecutor.java:308)
at org.apache.maven.surefire.testng.TestNGXmlTestSuite.execute(TestNGXmlTestSuite.java:71)
at org.apache.maven.surefire.testng.TestNGProvider.invoke(TestNGProvider.java:113)
at org.apache.maven.surefire.booter.ForkedBooter.runSuitesInProcess(ForkedBooter.java:385)
at org.apache.maven.surefire.booter.ForkedBooter.execute(ForkedBooter.java:162)
at org.apache.maven.surefire.booter.ForkedBooter.run(ForkedBooter.java:507)
at org.apache.maven.surefire.booter.ForkedBooter.main(ForkedBooter.java:495)
]]>
            </full-stacktrace>
          </exception> <!-- java.lang.AssertionError -->
          <reporter-output>
          </reporter-output>
        </test-method> <!-- iniciarSesionCredencialesCorrectas -->
        <test-method is-config="true" signature="teardown()[pri:0, instance:tests.IniciarSesion_CredencialesCorrectas@2c767a52]" started-at="2026-03-04T19:57:58 PST" name="teardown" finished-at="2026-03-04T19:57:59 PST" duration-ms="166" status="PASS">
          <reporter-output>
          </reporter-output>
        </test-method> <!-- teardown -->
      </class> <!-- tests.IniciarSesion_CredencialesCorrectas -->
      <class name="tests.IniciarSesion_CorreoIncorrecto">
        <test-method is-config="true" signature="setup(java.lang.String,java.lang.String,java.lang.String,java.lang.String,java.lang.String,java.lang.String,java.lang.String)[pri:0, instance:tests.IniciarSesion_CorreoIncorrecto@243c4f91]" started-at="2026-03-04T19:52:50 PST" name="setup" finished-at="2026-03-04T19:53:02 PST" duration-ms="12185" status="PASS">
          <params>
            <param index="0">
              <value>
                <![CDATA[firefox]]>
              </value>
            </param>
            <param index="1">
              <value>
                <![CDATA[true]]>
              </value>
            </param>
            <param index="2">
              <value>
                <![CDATA[https://practice.automationtesting.in/my-account/]]>
              </value>
            </param>
            <param index="3">
              <value>
                <![CDATA[]]>
              </value>
            </param>
            <param index="4">
              <value>
                <![CDATA[]]>
              </value>
            </param>
            <param index="5">
              <value>
                <![CDATA[correo_incorrecto@example.com]]>
              </value>
            </param>
            <param index="6">
              <value>
                <![CDATA[password_incorrecto]]>
              </value>
            </param>
          </params>
          <reporter-output>
          </reporter-output>
        </test-method> <!-- setup -->
        <test-method signature="iniciarSesionCorreoIncorrecto()[pri:0, instance:tests.IniciarSesion_CorreoIncorrecto@243c4f91]" started-at="2026-03-04T19:57:33 PST" name="iniciarSesionCorreoIncorrecto" description="Iniciar sesion con correo/credenciales incorrectas" finished-at="2026-03-04T19:57:57 PST" duration-ms="23408" status="PASS">
          <reporter-output>
          </reporter-output>
        </test-method> <!-- iniciarSesionCorreoIncorrecto -->
        <test-method is-config="true" signature="teardown()[pri:0, instance:tests.IniciarSesion_CorreoIncorrecto@243c4f91]" started-at="2026-03-04T19:57:57 PST" name="teardown" finished-at="2026-03-04T19:57:58 PST" duration-ms="1567" status="PASS">
          <reporter-output>
          </reporter-output>
        </test-method> <!-- teardown -->
      </class> <!-- tests.IniciarSesion_CorreoIncorrecto -->
    </test> <!-- CasosLoginReto5 -->
  </suite> <!-- InicioDeSesion -->
</testng-results>
